<?xml version="1.0" encoding="UTF-8"?>
<testsuite xmlns:xsi="http://www.w3.org/2001/XMLSchema-instance" xsi:noNamespaceSchemaLocation="https://maven.apache.org/surefire/maven-surefire-plugin/xsd/surefire-test-report.xsd" name="is.hi.hbv202g.finalassignment.LibrarySystemSingletonTest" time="0" tests="9" errors="0" skipped="0" failures="0">
  <properties>
    <property name="java.specification.version" value="19"/>
    <property name="sun.cpu.isalist" value="amd64"/>
    <property name="sun.jnu.encoding" value="Cp1252"/>
    <property name="java.class.path" value="C:\Users\adie\Desktop\hbv202g_finalassignment\target\test-classes;C:\Users\adie\Desktop\hbv202g_finalassignment\target\classes;C:\Users\adie\.m2\repository\junit\junit\4.13.1\junit-4.13.1.jar;C:\Users\adie\.m2\repository\org\hamcrest\hamcrest-core\1.3\hamcrest-core-1.3.jar;"/>
    <property name="java.vm.vendor" value="Amazon.com Inc."/>
    <property name="sun.arch.data.model" value="64"/>
    <property name="user.variant" value=""/>
    <property name="java.vendor.url" value="https://aws.amazon.com/corretto/"/>
    <property name="user.timezone" value="Atlantic/Reykjavik"/>
    <property name="os.name" value="Windows 11"/>
    <property name="java.vm.specification.version" value="19"/>
    <property name="sun.java.launcher" value="SUN_STANDARD"/>
    <property name="user.country" value="GB"/>
    <property name="sun.boot.library.path" value="C:\Users\adie\.jdks\corretto-19.0.1\bin"/>
    <property name="sun.java.command" value="C:\Users\adie\AppData\Local\Temp\surefire16873051937515747108\surefirebooter10364979450935332920.jar C:\Users\adie\AppData\Local\Temp\surefire16873051937515747108 2023-04-20T18-29-13_718-jvmRun1 surefire4629127565269634267tmp surefire_0486397136652422169tmp"/>
    <property name="jdk.debug" value="release"/>
    <property name="surefire.test.class.path" value="C:\Users\adie\Desktop\hbv202g_finalassignment\target\test-classes;C:\Users\adie\Desktop\hbv202g_finalassignment\target\classes;C:\Users\adie\.m2\repository\junit\junit\4.13.1\junit-4.13.1.jar;C:\Users\adie\.m2\repository\org\hamcrest\hamcrest-core\1.3\hamcrest-core-1.3.jar;"/>
    <property name="sun.cpu.endian" value="little"/>
    <property name="user.home" value="C:\Users\adie"/>
    <property name="user.language" value="en"/>
    <property name="java.specification.vendor" value="Oracle Corporation"/>
    <property name="java.version.date" value="2022-10-18"/>
    <property name="java.home" value="C:\Users\adie\.jdks\corretto-19.0.1"/>
    <property name="file.separator" value="\"/>
    <property name="basedir" value="C:\Users\adie\Desktop\hbv202g_finalassignment"/>
    <property name="java.vm.compressedOopsMode" value="Zero based"/>
    <property name="line.separator" value="&#10;"/>
    <property name="java.vm.specification.vendor" value="Oracle Corporation"/>
    <property name="java.specification.name" value="Java Platform API Specification"/>
    <property name="surefire.real.class.path" value="C:\Users\adie\AppData\Local\Temp\surefire16873051937515747108\surefirebooter10364979450935332920.jar"/>
    <property name="user.script" value=""/>
    <property name="sun.management.compiler" value="HotSpot 64-Bit Tiered Compilers"/>
    <property name="java.runtime.version" value="19.0.1+10-FR"/>
    <property name="user.name" value="adie"/>
    <property name="stdout.encoding" value="Cp1252"/>
    <property name="path.separator" value=";"/>
    <property name="os.version" value="10.0"/>
    <property name="java.runtime.name" value="OpenJDK Runtime Environment"/>
    <property name="file.encoding" value="UTF-8"/>
    <property name="java.vm.name" value="OpenJDK 64-Bit Server VM"/>
    <property name="java.vendor.version" value="Corretto-19.0.1.10.1"/>
    <property name="localRepository" value="C:\Users\adie\.m2\repository"/>
    <property name="java.vendor.url.bug" value="https://github.com/corretto/corretto-19/issues/"/>
    <property name="java.io.tmpdir" value="C:\Users\adie\AppData\Local\Temp\"/>
    <property name="idea.version" value="2022.3.1"/>
    <property name="java.version" value="19.0.1"/>
    <property name="user.dir" value="C:\Users\adie\Desktop\hbv202g_finalassignment"/>
    <property name="os.arch" value="amd64"/>
    <property name="java.vm.specification.name" value="Java Virtual Machine Specification"/>
    <property name="sun.os.patch.level" value=""/>
    <property name="native.encoding" value="Cp1252"/>
    <property name="java.library.path" value="C:\Users\adie\.jdks\corretto-19.0.1\bin;C:\Windows\Sun\Java\bin;C:\Windows\system32;C:\Windows;C:\Program Files\Common Files\Oracle\Java\javapath;C:\Program Files (x86)\Common Files\Oracle\Java\javapath;C:\Windows\system32;C:\Windows;C:\Windows\System32\Wbem;C:\Windows\System32\WindowsPowerShell\v1.0\;C:\Windows\System32\OpenSSH\;C:\ProgramData\chocolatey\bin;C:\Program Files\Git\cmd;C:\Program Files\nodejs\;C:\Program Files\Calibre2\;C:\Program Files\Java\jdk-17\bin\;C:\Program Files\dotnet\;C:\Program Files\maven-3.9.1\bin;C:\Users\adie\AppData\Local\Microsoft\WindowsApps;C:\Users\adie\AppData\Local\Programs\Microsoft VS Code\bin;C:\Users\adie\AppData\Roaming\npm;C:\Program Files\JetBrains\IntelliJ IDEA Community Edition 2022.3.1\bin;;C:\Users\adie\.dotnet\tools;."/>
    <property name="java.vm.info" value="mixed mode, sharing"/>
    <property name="stderr.encoding" value="Cp1252"/>
    <property name="java.vendor" value="Amazon.com Inc."/>
    <property name="java.vm.version" value="19.0.1+10-FR"/>
    <property name="sun.io.unicode.encoding" value="UnicodeLittle"/>
    <property name="java.class.version" value="63.0"/>
  </properties>
  <testcase name="testLibrarySystemAddFacultyMemberUser" classname="is.hi.hbv202g.finalassignment.LibrarySystemSingletonTest" time="0"/>
  <testcase name="testLibrarySystemFindBookByTitle" classname="is.hi.hbv202g.finalassignment.LibrarySystemSingletonTest" time="0"/>
  <testcase name="testLibrarySystemAddStudentUser" classname="is.hi.hbv202g.finalassignment.LibrarySystemSingletonTest" time="0"/>
  <testcase name="testLibrarySystemAddBookWithTitleAndAuthorList" classname="is.hi.hbv202g.finalassignment.LibrarySystemSingletonTest" time="0"/>
  <testcase name="testLibrarySystemFindUserByName" classname="is.hi.hbv202g.finalassignment.LibrarySystemSingletonTest" time="0"/>
  <testcase name="testLibrarySystemExtendLending" classname="is.hi.hbv202g.finalassignment.LibrarySystemSingletonTest" time="0"/>
  <testcase name="testLibrarySystemThrowUserOrBookDoesNotExistException" classname="is.hi.hbv202g.finalassignment.LibrarySystemSingletonTest" time="0"/>
  <testcase name="testLibrarySystemReturnBook" classname="is.hi.hbv202g.finalassignment.LibrarySystemSingletonTest" time="0"/>
  <testcase name="testLibrarySystemBorrowBook" classname="is.hi.hbv202g.finalassignment.LibrarySystemSingletonTest" time="0"/>
</testsuite>